Spark Command: /Library/Java/JavaVirtualMachines/zulu-21.jdk/Contents/Home/bin/java -cp /Users/isabelledarling/Downloads/spark-4.1.2-bin-hadoop3/conf/:/Users/isabelledarling/Downloads/spark-4.1.2-bin-hadoop3/jars/slf4j-api-2.0.17.jar:/Users/isabelledarling/Downloads/spark-4.1.2-bin-hadoop3/jars/* -Xmx1g -XX:+IgnoreUnrecognizedVMOptions --add-modules=jdk.incubator.vector --add-opens=java.base/java.lang=ALL-UNNAMED --add-opens=java.base/java.lang.invoke=ALL-UNNAMED --add-opens=java.base/java.lang.reflect=ALL-UNNAMED --add-opens=java.base/java.io=ALL-UNNAMED --add-opens=java.base/java.net=ALL-UNNAMED --add-opens=java.base/java.nio=ALL-UNNAMED --add-opens=java.base/java.util=ALL-UNNAMED --add-opens=java.base/java.util.concurrent=ALL-UNNAMED --add-opens=java.base/java.util.concurrent.atomic=ALL-UNNAMED --add-opens=java.base/jdk.internal.ref=ALL-UNNAMED --add-opens=java.base/sun.nio.ch=ALL-UNNAMED --add-opens=java.base/sun.nio.cs=ALL-UNNAMED --add-opens=java.base/sun.security.action=ALL-UNNAMED --add-opens=java.base/sun.util.calendar=ALL-UNNAMED --add-opens=java.security.jgss/sun.security.krb5=ALL-UNNAMED -Djdk.reflect.useDirectMethodHandle=false -Dio.netty.tryReflectionSetAccessible=true -Dio.netty.allocator.type=pooled -Dio.netty.handler.ssl.defaultEndpointVerificationAlgorithm=NONE --enable-native-access=ALL-UNNAMED org.apache.spark.deploy.worker.Worker --webui-port 0 spark://Isabelles-MacBook-Air.local:7077 --cores 1 --memory 1G --webui-port 0
========================================
WARNING: Using incubator modules: jdk.incubator.vector
Using Spark's default log4j profile: org/apache/spark/log4j2-defaults.properties
26/06/20 19:52:42 WARN Utils: Your hostname, Isabelles-MacBook-Air.local, resolves to a loopback address: 127.0.0.1; using 192.168.1.3 instead (on interface en0)
26/06/20 19:52:42 WARN Utils: Set SPARK_LOCAL_IP if you need to bind to another address
26/06/20 19:52:42 INFO Worker: Started daemon with process name: 46688@Isabelles-MacBook-Air.local
26/06/20 19:52:42 INFO SignalUtils: Registering signal handler for TERM
26/06/20 19:52:42 INFO SignalUtils: Registering signal handler for HUP
26/06/20 19:52:42 INFO SignalUtils: Registering signal handler for INT
26/06/20 19:52:42 WARN NativeCodeLoader: Unable to load native-hadoop library for your platform... using builtin-java classes where applicable
Using Spark's default log4j profile: org/apache/spark/log4j2-defaults.properties
26/06/20 19:52:42 INFO SecurityManager: Changing view acls to: isabelledarling
26/06/20 19:52:42 INFO SecurityManager: Changing modify acls to: isabelledarling
26/06/20 19:52:42 INFO SecurityManager: Changing view acls groups to: isabelledarling
26/06/20 19:52:42 INFO SecurityManager: Changing modify acls groups to: isabelledarling
26/06/20 19:52:42 INFO SecurityManager: SecurityManager: authentication disabled; ui acls disabled; users with view permissions: isabelledarling groups with view permissions: EMPTY; users with modify permissions: isabelledarling; groups with modify permissions: EMPTY; RPC SSL disabled
26/06/20 19:52:42 INFO Utils: Successfully started service 'sparkWorker' on port 65309.
26/06/20 19:52:42 INFO Worker: Worker decommissioning not enabled.
26/06/20 19:52:42 INFO Worker: Starting Spark worker 192.168.1.3:65309 with 1 cores, 1024.0 MiB RAM
26/06/20 19:52:42 INFO Worker: Running Spark version 4.1.2
26/06/20 19:52:42 INFO Worker: Spark home: /Users/isabelledarling/Downloads/spark-4.1.2-bin-hadoop3
26/06/20 19:52:42 INFO ResourceUtils: ==============================================================
26/06/20 19:52:42 INFO ResourceUtils: No custom resources configured for spark.worker.
26/06/20 19:52:42 INFO ResourceUtils: ==============================================================
26/06/20 19:52:42 INFO JettyUtils: Start Jetty 0.0.0.0:0 for WorkerUI
26/06/20 19:52:43 INFO Utils: Successfully started service 'WorkerUI' on port 65310.
26/06/20 19:52:43 INFO WorkerWebUI: Bound WorkerWebUI to 0.0.0.0, and started at http://192.168.1.3:65310
26/06/20 19:52:43 INFO Worker: Connecting to master Isabelles-MacBook-Air.local:7077...
26/06/20 19:52:43 INFO TransportClientFactory: Successfully created connection to Isabelles-MacBook-Air.local/127.0.0.1:7077 after 11 ms (0 ms spent in bootstraps)
26/06/20 19:52:43 INFO Worker: Successfully registered with master spark://Isabelles-MacBook-Air.local:7077
26/06/20 19:52:43 INFO Worker: Worker cleanup enabled; old application directories will be deleted in: /Users/isabelledarling/Downloads/spark-4.1.2-bin-hadoop3/work
26/06/20 19:52:49 INFO Worker: Asked to launch executor app-20260620195249-0006/0 for PageRankWithGraphFrames
26/06/20 19:52:49 INFO SecurityManager: Changing view acls to: isabelledarling
26/06/20 19:52:49 INFO SecurityManager: Changing modify acls to: isabelledarling
26/06/20 19:52:49 INFO SecurityManager: Changing view acls groups to: isabelledarling
26/06/20 19:52:49 INFO SecurityManager: Changing modify acls groups to: isabelledarling
26/06/20 19:52:49 INFO SecurityManager: SecurityManager: authentication disabled; ui acls disabled; users with view permissions: isabelledarling groups with view permissions: EMPTY; users with modify permissions: isabelledarling; groups with modify permissions: EMPTY; RPC SSL disabled
26/06/20 19:52:49 INFO ExecutorRunner: Launch command: "/Library/Java/JavaVirtualMachines/zulu-21.jdk/Contents/Home/bin/java" "-cp" "/Users/isabelledarling/Downloads/spark-4.1.2-bin-hadoop3/conf/:/Users/isabelledarling/Downloads/spark-4.1.2-bin-hadoop3/jars/slf4j-api-2.0.17.jar:/Users/isabelledarling/Downloads/spark-4.1.2-bin-hadoop3/jars/*" "-Xmx512M" "-Dspark.driver.port=65315" "-Djava.net.preferIPv6Addresses=false" "-XX:+IgnoreUnrecognizedVMOptions" "--add-modules=jdk.incubator.vector" "--add-opens=java.base/java.lang=ALL-UNNAMED" "--add-opens=java.base/java.lang.invoke=ALL-UNNAMED" "--add-opens=java.base/java.lang.reflect=ALL-UNNAMED" "--add-opens=java.base/java.io=ALL-UNNAMED" "--add-opens=java.base/java.net=ALL-UNNAMED" "--add-opens=java.base/java.nio=ALL-UNNAMED" "--add-opens=java.base/java.util=ALL-UNNAMED" "--add-opens=java.base/java.util.concurrent=ALL-UNNAMED" "--add-opens=java.base/java.util.concurrent.atomic=ALL-UNNAMED" "--add-opens=java.base/jdk.internal.ref=ALL-UNNAMED" "--add-opens=java.base/sun.nio.ch=ALL-UNNAMED" "--add-opens=java.base/sun.nio.cs=ALL-UNNAMED" "--add-opens=java.base/sun.security.action=ALL-UNNAMED" "--add-opens=java.base/sun.util.calendar=ALL-UNNAMED" "--add-opens=java.security.jgss/sun.security.krb5=ALL-UNNAMED" "-Djdk.reflect.useDirectMethodHandle=false" "-Dio.netty.tryReflectionSetAccessible=true" "-Dio.netty.allocator.type=pooled" "-Dio.netty.handler.ssl.defaultEndpointVerificationAlgorithm=NONE" "--enable-native-access=ALL-UNNAMED" "org.apache.spark.executor.CoarseGrainedExecutorBackend" "--driver-url" "spark://CoarseGrainedScheduler@192.168.1.3:65315" "--executor-id" "0" "--hostname" "192.168.1.3" "--cores" "1" "--app-id" "app-20260620195249-0006" "--worker-url" "spark://Worker@192.168.1.3:65309" "--resourceProfileId" "0"
26/06/20 19:59:52 INFO Worker: Asked to kill executor app-20260620195249-0006/0
26/06/20 19:59:52 INFO ExecutorRunner: Runner thread for executor app-20260620195249-0006/0 interrupted
26/06/20 19:59:52 INFO ExecutorRunner: Killing process!
26/06/20 19:59:52 INFO Worker: Executor app-20260620195249-0006/0 finished with state KILLED message Runner thread for executor app-20260620195249-0006/0 interrupted exitStatus 143
26/06/20 19:59:52 INFO ExternalShuffleBlockResolver: Clean up non-shuffle and non-RDD files associated with the finished executor 0
26/06/20 19:59:52 INFO ExternalShuffleBlockResolver: Executor is not registered (appId=app-20260620195249-0006, execId=0)
26/06/20 19:59:52 INFO ExternalShuffleBlockResolver: Application app-20260620195249-0006 removed, cleanupLocalDirs = true
26/06/20 19:59:52 INFO Worker: Cleaning up local directories for application app-20260620195249-0006
26/06/21 00:55:20 INFO Worker: Master with url spark://Isabelles-MacBook-Air.local:7077 requested this worker to reconnect.
26/06/21 00:55:20 INFO Worker: Connecting to master Isabelles-MacBook-Air.local:7077...
26/06/21 00:55:20 INFO Worker: Successfully registered with master spark://Isabelles-MacBook-Air.local:7077
26/06/21 02:48:41 INFO Worker: Master with url spark://Isabelles-MacBook-Air.local:7077 requested this worker to reconnect.
26/06/21 02:48:41 INFO Worker: Connecting to master Isabelles-MacBook-Air.local:7077...
26/06/21 02:48:41 INFO Worker: Successfully registered with master spark://Isabelles-MacBook-Air.local:7077
26/06/21 03:05:52 INFO Worker: Master with url spark://Isabelles-MacBook-Air.local:7077 requested this worker to reconnect.
26/06/21 03:05:52 INFO Worker: Connecting to master Isabelles-MacBook-Air.local:7077...
26/06/21 03:05:52 INFO Worker: Successfully registered with master spark://Isabelles-MacBook-Air.local:7077
26/06/21 04:26:37 INFO Worker: Master with url spark://Isabelles-MacBook-Air.local:7077 requested this worker to reconnect.
26/06/21 04:26:37 INFO Worker: Connecting to master Isabelles-MacBook-Air.local:7077...
26/06/21 04:26:37 INFO Worker: Successfully registered with master spark://Isabelles-MacBook-Air.local:7077
26/06/21 08:48:29 INFO Worker: Master with url spark://Isabelles-MacBook-Air.local:7077 requested this worker to reconnect.
26/06/21 08:48:29 INFO Worker: Connecting to master Isabelles-MacBook-Air.local:7077...
26/06/21 08:48:29 INFO Worker: Successfully registered with master spark://Isabelles-MacBook-Air.local:7077
26/06/21 09:49:26 INFO Worker: Master with url spark://Isabelles-MacBook-Air.local:7077 requested this worker to reconnect.
26/06/21 09:49:26 INFO Worker: Connecting to master Isabelles-MacBook-Air.local:7077...
26/06/21 09:49:26 INFO Worker: Successfully registered with master spark://Isabelles-MacBook-Air.local:7077
26/06/21 10:50:23 INFO Worker: Master with url spark://Isabelles-MacBook-Air.local:7077 requested this worker to reconnect.
26/06/21 10:50:23 INFO Worker: Connecting to master Isabelles-MacBook-Air.local:7077...
26/06/21 10:50:23 INFO Worker: Successfully registered with master spark://Isabelles-MacBook-Air.local:7077
26/06/21 11:18:50 INFO Worker: Master with url spark://Isabelles-MacBook-Air.local:7077 requested this worker to reconnect.
26/06/21 11:18:50 INFO Worker: Connecting to master Isabelles-MacBook-Air.local:7077...
26/06/21 11:18:51 INFO Worker: Successfully registered with master spark://Isabelles-MacBook-Air.local:7077
26/06/21 14:27:40 INFO Worker: Master with url spark://Isabelles-MacBook-Air.local:7077 requested this worker to reconnect.
26/06/21 14:27:40 INFO Worker: Connecting to master Isabelles-MacBook-Air.local:7077...
26/06/21 14:27:40 INFO Worker: Successfully registered with master spark://Isabelles-MacBook-Air.local:7077
26/06/21 14:44:46 INFO Worker: Master with url spark://Isabelles-MacBook-Air.local:7077 requested this worker to reconnect.
26/06/21 14:44:46 INFO Worker: Connecting to master Isabelles-MacBook-Air.local:7077...
26/06/21 14:44:46 INFO Worker: Successfully registered with master spark://Isabelles-MacBook-Air.local:7077
26/06/21 15:57:02 INFO Worker: Master with url spark://Isabelles-MacBook-Air.local:7077 requested this worker to reconnect.
26/06/21 15:57:02 INFO Worker: Connecting to master Isabelles-MacBook-Air.local:7077...
26/06/21 15:57:02 INFO Worker: Successfully registered with master spark://Isabelles-MacBook-Air.local:7077
26/06/21 16:03:24 INFO Worker: Master with url spark://Isabelles-MacBook-Air.local:7077 requested this worker to reconnect.
26/06/21 16:03:24 INFO Worker: Connecting to master Isabelles-MacBook-Air.local:7077...
26/06/21 16:03:24 INFO Worker: Successfully registered with master spark://Isabelles-MacBook-Air.local:7077
26/06/22 04:24:38 INFO Worker: Master with url spark://Isabelles-MacBook-Air.local:7077 requested this worker to reconnect.
26/06/22 04:24:38 INFO Worker: Connecting to master Isabelles-MacBook-Air.local:7077...
26/06/22 04:24:38 INFO Worker: Successfully registered with master spark://Isabelles-MacBook-Air.local:7077
26/06/22 06:00:40 INFO Worker: Master with url spark://Isabelles-MacBook-Air.local:7077 requested this worker to reconnect.
26/06/22 06:00:40 INFO Worker: Connecting to master Isabelles-MacBook-Air.local:7077...
26/06/22 06:00:40 INFO Worker: Successfully registered with master spark://Isabelles-MacBook-Air.local:7077
26/06/22 07:21:33 INFO Worker: Master with url spark://Isabelles-MacBook-Air.local:7077 requested this worker to reconnect.
26/06/22 07:21:33 INFO Worker: Connecting to master Isabelles-MacBook-Air.local:7077...
26/06/22 07:21:33 INFO Worker: Successfully registered with master spark://Isabelles-MacBook-Air.local:7077
26/06/22 09:58:41 INFO Worker: Master with url spark://Isabelles-MacBook-Air.local:7077 requested this worker to reconnect.
26/06/22 09:58:41 INFO Worker: Connecting to master Isabelles-MacBook-Air.local:7077...
26/06/22 09:58:41 INFO Worker: Successfully registered with master spark://Isabelles-MacBook-Air.local:7077
26/06/22 15:24:37 INFO Worker: Master with url spark://Isabelles-MacBook-Air.local:7077 requested this worker to reconnect.
26/06/22 15:24:37 INFO Worker: Connecting to master Isabelles-MacBook-Air.local:7077...
26/06/22 15:24:37 INFO Worker: Successfully registered with master spark://Isabelles-MacBook-Air.local:7077
26/06/22 16:20:16 INFO Worker: Master with url spark://Isabelles-MacBook-Air.local:7077 requested this worker to reconnect.
26/06/22 16:20:16 INFO Worker: Connecting to master Isabelles-MacBook-Air.local:7077...
26/06/22 16:20:16 INFO Worker: Successfully registered with master spark://Isabelles-MacBook-Air.local:7077
26/06/22 20:17:18 INFO Worker: Master with url spark://Isabelles-MacBook-Air.local:7077 requested this worker to reconnect.
26/06/22 20:17:18 INFO Worker: Connecting to master Isabelles-MacBook-Air.local:7077...
26/06/22 20:17:18 INFO Worker: Successfully registered with master spark://Isabelles-MacBook-Air.local:7077
26/06/23 01:38:59 INFO Worker: Master with url spark://Isabelles-MacBook-Air.local:7077 requested this worker to reconnect.
26/06/23 01:38:59 INFO Worker: Connecting to master Isabelles-MacBook-Air.local:7077...
26/06/23 01:38:59 INFO Worker: Successfully registered with master spark://Isabelles-MacBook-Air.local:7077
26/06/23 02:23:05 INFO Worker: Master with url spark://Isabelles-MacBook-Air.local:7077 requested this worker to reconnect.
26/06/23 02:23:05 INFO Worker: Connecting to master Isabelles-MacBook-Air.local:7077...
26/06/23 02:23:05 INFO Worker: Successfully registered with master spark://Isabelles-MacBook-Air.local:7077
26/06/23 05:35:12 INFO Worker: Master with url spark://Isabelles-MacBook-Air.local:7077 requested this worker to reconnect.
26/06/23 05:35:12 INFO Worker: Connecting to master Isabelles-MacBook-Air.local:7077...
26/06/23 05:35:12 INFO Worker: Successfully registered with master spark://Isabelles-MacBook-Air.local:7077
26/06/23 06:00:34 INFO Worker: Master with url spark://Isabelles-MacBook-Air.local:7077 requested this worker to reconnect.
26/06/23 06:00:34 INFO Worker: Connecting to master Isabelles-MacBook-Air.local:7077...
26/06/23 06:00:34 INFO Worker: Successfully registered with master spark://Isabelles-MacBook-Air.local:7077
26/06/23 07:07:51 INFO Worker: Master with url spark://Isabelles-MacBook-Air.local:7077 requested this worker to reconnect.
26/06/23 07:07:51 INFO Worker: Connecting to master Isabelles-MacBook-Air.local:7077...
26/06/23 07:07:51 INFO Worker: Successfully registered with master spark://Isabelles-MacBook-Air.local:7077
26/06/23 07:53:53 INFO Worker: Master with url spark://Isabelles-MacBook-Air.local:7077 requested this worker to reconnect.
26/06/23 07:53:53 INFO Worker: Connecting to master Isabelles-MacBook-Air.local:7077...
26/06/23 07:53:53 INFO Worker: Successfully registered with master spark://Isabelles-MacBook-Air.local:7077
26/06/23 08:07:42 INFO Worker: Master with url spark://Isabelles-MacBook-Air.local:7077 requested this worker to reconnect.
26/06/23 08:07:42 INFO Worker: Connecting to master Isabelles-MacBook-Air.local:7077...
26/06/23 08:07:42 INFO Worker: Successfully registered with master spark://Isabelles-MacBook-Air.local:7077
26/06/23 11:30:08 INFO Worker: Master with url spark://Isabelles-MacBook-Air.local:7077 requested this worker to reconnect.
26/06/23 11:30:08 INFO Worker: Connecting to master Isabelles-MacBook-Air.local:7077...
26/06/23 11:30:08 INFO Worker: Successfully registered with master spark://Isabelles-MacBook-Air.local:7077
26/06/23 12:05:47 INFO Worker: Master with url spark://Isabelles-MacBook-Air.local:7077 requested this worker to reconnect.
26/06/23 12:05:47 INFO Worker: Connecting to master Isabelles-MacBook-Air.local:7077...
26/06/23 12:05:47 INFO Worker: Successfully registered with master spark://Isabelles-MacBook-Air.local:7077
26/06/23 14:09:51 INFO Worker: Master with url spark://Isabelles-MacBook-Air.local:7077 requested this worker to reconnect.
26/06/23 14:09:51 INFO Worker: Connecting to master Isabelles-MacBook-Air.local:7077...
26/06/23 14:09:51 INFO Worker: Successfully registered with master spark://Isabelles-MacBook-Air.local:7077
26/06/23 16:09:31 INFO Worker: Master with url spark://Isabelles-MacBook-Air.local:7077 requested this worker to reconnect.
26/06/23 16:09:31 INFO Worker: Connecting to master Isabelles-MacBook-Air.local:7077...
26/06/23 16:09:31 INFO Worker: Successfully registered with master spark://Isabelles-MacBook-Air.local:7077
26/06/24 03:42:38 INFO Worker: Master with url spark://Isabelles-MacBook-Air.local:7077 requested this worker to reconnect.
26/06/24 03:42:38 INFO Worker: Connecting to master Isabelles-MacBook-Air.local:7077...
26/06/24 03:42:38 INFO Worker: Successfully registered with master spark://Isabelles-MacBook-Air.local:7077
26/06/24 06:35:46 INFO Worker: Master with url spark://Isabelles-MacBook-Air.local:7077 requested this worker to reconnect.
26/06/24 06:35:46 INFO Worker: Connecting to master Isabelles-MacBook-Air.local:7077...
26/06/24 06:35:46 INFO Worker: Successfully registered with master spark://Isabelles-MacBook-Air.local:7077
26/06/24 09:42:13 INFO Worker: Master with url spark://Isabelles-MacBook-Air.local:7077 requested this worker to reconnect.
26/06/24 09:42:13 INFO Worker: Connecting to master Isabelles-MacBook-Air.local:7077...
26/06/24 09:42:13 INFO Worker: Successfully registered with master spark://Isabelles-MacBook-Air.local:7077
26/06/24 11:22:26 INFO Worker: Master with url spark://Isabelles-MacBook-Air.local:7077 requested this worker to reconnect.
26/06/24 11:22:26 INFO Worker: Connecting to master Isabelles-MacBook-Air.local:7077...
26/06/24 11:22:26 INFO Worker: Successfully registered with master spark://Isabelles-MacBook-Air.local:7077
26/06/24 11:54:31 INFO Worker: Master with url spark://Isabelles-MacBook-Air.local:7077 requested this worker to reconnect.
26/06/24 11:54:31 INFO Worker: Connecting to master Isabelles-MacBook-Air.local:7077...
26/06/24 11:54:31 INFO Worker: Successfully registered with master spark://Isabelles-MacBook-Air.local:7077
26/06/24 12:46:15 INFO Worker: Master with url spark://Isabelles-MacBook-Air.local:7077 requested this worker to reconnect.
26/06/24 12:46:15 INFO Worker: Connecting to master Isabelles-MacBook-Air.local:7077...
26/06/24 12:46:15 INFO Worker: Successfully registered with master spark://Isabelles-MacBook-Air.local:7077
26/06/24 12:55:30 INFO Worker: Master with url spark://Isabelles-MacBook-Air.local:7077 requested this worker to reconnect.
26/06/24 12:55:30 INFO Worker: Connecting to master Isabelles-MacBook-Air.local:7077...
26/06/24 12:55:30 INFO Worker: Successfully registered with master spark://Isabelles-MacBook-Air.local:7077
26/06/24 15:21:08 INFO Worker: Master with url spark://Isabelles-MacBook-Air.local:7077 requested this worker to reconnect.
26/06/24 15:21:08 INFO Worker: Connecting to master Isabelles-MacBook-Air.local:7077...
26/06/24 15:21:08 INFO Worker: Successfully registered with master spark://Isabelles-MacBook-Air.local:7077
26/06/24 16:52:04 INFO Worker: Master with url spark://Isabelles-MacBook-Air.local:7077 requested this worker to reconnect.
26/06/24 16:52:04 INFO Worker: Connecting to master Isabelles-MacBook-Air.local:7077...
26/06/24 16:52:04 INFO Worker: Successfully registered with master spark://Isabelles-MacBook-Air.local:7077
26/06/24 18:07:58 INFO Worker: Master with url spark://Isabelles-MacBook-Air.local:7077 requested this worker to reconnect.
26/06/24 18:07:58 INFO Worker: Connecting to master Isabelles-MacBook-Air.local:7077...
26/06/24 18:07:58 INFO Worker: Successfully registered with master spark://Isabelles-MacBook-Air.local:7077
26/06/24 21:26:46 INFO Worker: Master with url spark://Isabelles-MacBook-Air.local:7077 requested this worker to reconnect.
26/06/24 21:26:46 INFO Worker: Connecting to master Isabelles-MacBook-Air.local:7077...
26/06/24 21:26:46 INFO Worker: Successfully registered with master spark://Isabelles-MacBook-Air.local:7077
26/06/24 21:33:55 INFO Worker: Master with url spark://Isabelles-MacBook-Air.local:7077 requested this worker to reconnect.
26/06/24 21:33:55 INFO Worker: Connecting to master Isabelles-MacBook-Air.local:7077...
26/06/24 21:33:55 INFO Worker: Successfully registered with master spark://Isabelles-MacBook-Air.local:7077
26/06/24 22:34:52 INFO Worker: Master with url spark://Isabelles-MacBook-Air.local:7077 requested this worker to reconnect.
26/06/24 22:34:52 INFO Worker: Connecting to master Isabelles-MacBook-Air.local:7077...
26/06/24 22:34:52 INFO Worker: Successfully registered with master spark://Isabelles-MacBook-Air.local:7077
26/06/24 23:20:48 INFO Worker: Master with url spark://Isabelles-MacBook-Air.local:7077 requested this worker to reconnect.
26/06/24 23:20:48 INFO Worker: Connecting to master Isabelles-MacBook-Air.local:7077...
26/06/24 23:20:48 INFO Worker: Successfully registered with master spark://Isabelles-MacBook-Air.local:7077
26/06/25 04:18:33 INFO Worker: Master with url spark://Isabelles-MacBook-Air.local:7077 requested this worker to reconnect.
26/06/25 04:18:33 INFO Worker: Connecting to master Isabelles-MacBook-Air.local:7077...
26/06/25 04:18:33 INFO Worker: Successfully registered with master spark://Isabelles-MacBook-Air.local:7077
26/06/25 08:31:35 INFO Worker: Master with url spark://Isabelles-MacBook-Air.local:7077 requested this worker to reconnect.
26/06/25 08:31:35 INFO Worker: Connecting to master Isabelles-MacBook-Air.local:7077...
26/06/25 08:31:35 INFO Worker: Successfully registered with master spark://Isabelles-MacBook-Air.local:7077
26/06/25 09:32:32 INFO Worker: Master with url spark://Isabelles-MacBook-Air.local:7077 requested this worker to reconnect.
26/06/25 09:32:32 INFO Worker: Connecting to master Isabelles-MacBook-Air.local:7077...
26/06/25 09:32:32 INFO Worker: Successfully registered with master spark://Isabelles-MacBook-Air.local:7077
26/06/25 10:33:28 INFO Worker: Master with url spark://Isabelles-MacBook-Air.local:7077 requested this worker to reconnect.
26/06/25 10:33:28 INFO Worker: Connecting to master Isabelles-MacBook-Air.local:7077...
26/06/25 10:33:28 INFO Worker: Successfully registered with master spark://Isabelles-MacBook-Air.local:7077
26/06/25 11:34:25 INFO Worker: Master with url spark://Isabelles-MacBook-Air.local:7077 requested this worker to reconnect.
26/06/25 11:34:25 INFO Worker: Connecting to master Isabelles-MacBook-Air.local:7077...
26/06/25 11:34:25 INFO Worker: Successfully registered with master spark://Isabelles-MacBook-Air.local:7077
26/06/25 12:35:22 INFO Worker: Master with url spark://Isabelles-MacBook-Air.local:7077 requested this worker to reconnect.
26/06/25 12:35:22 INFO Worker: Connecting to master Isabelles-MacBook-Air.local:7077...
26/06/25 12:35:22 INFO Worker: Successfully registered with master spark://Isabelles-MacBook-Air.local:7077
26/06/25 12:51:50 INFO Worker: Master with url spark://Isabelles-MacBook-Air.local:7077 requested this worker to reconnect.
26/06/25 12:51:50 INFO Worker: Connecting to master Isabelles-MacBook-Air.local:7077...
26/06/25 12:51:50 INFO Worker: Successfully registered with master spark://Isabelles-MacBook-Air.local:7077
26/06/25 16:54:14 INFO Worker: Master with url spark://Isabelles-MacBook-Air.local:7077 requested this worker to reconnect.
26/06/25 16:54:14 INFO Worker: Connecting to master Isabelles-MacBook-Air.local:7077...
26/06/25 16:54:14 INFO Worker: Successfully registered with master spark://Isabelles-MacBook-Air.local:7077
26/06/25 18:29:09 INFO Worker: Master with url spark://Isabelles-MacBook-Air.local:7077 requested this worker to reconnect.
26/06/25 18:29:09 INFO Worker: Connecting to master Isabelles-MacBook-Air.local:7077...
26/06/25 18:29:09 INFO Worker: Successfully registered with master spark://Isabelles-MacBook-Air.local:7077
26/06/25 19:14:24 INFO Worker: Master with url spark://Isabelles-MacBook-Air.local:7077 requested this worker to reconnect.
26/06/25 19:14:24 INFO Worker: Connecting to master Isabelles-MacBook-Air.local:7077...
26/06/25 19:14:24 INFO Worker: Successfully registered with master spark://Isabelles-MacBook-Air.local:7077
26/06/25 20:43:07 INFO Worker: Master with url spark://Isabelles-MacBook-Air.local:7077 requested this worker to reconnect.
26/06/25 20:43:07 INFO Worker: Connecting to master Isabelles-MacBook-Air.local:7077...
26/06/25 20:43:07 INFO Worker: Successfully registered with master spark://Isabelles-MacBook-Air.local:7077
26/06/25 21:32:31 INFO Worker: Master with url spark://Isabelles-MacBook-Air.local:7077 requested this worker to reconnect.
26/06/25 21:32:31 INFO Worker: Connecting to master Isabelles-MacBook-Air.local:7077...
26/06/25 21:32:31 INFO Worker: Successfully registered with master spark://Isabelles-MacBook-Air.local:7077
26/06/25 22:35:46 INFO Worker: Master with url spark://Isabelles-MacBook-Air.local:7077 requested this worker to reconnect.
26/06/25 22:35:46 INFO Worker: Connecting to master Isabelles-MacBook-Air.local:7077...
26/06/25 22:35:46 INFO Worker: Successfully registered with master spark://Isabelles-MacBook-Air.local:7077
26/06/25 23:19:07 INFO Worker: Master with url spark://Isabelles-MacBook-Air.local:7077 requested this worker to reconnect.
26/06/25 23:19:07 INFO Worker: Connecting to master Isabelles-MacBook-Air.local:7077...
26/06/25 23:19:07 INFO Worker: Successfully registered with master spark://Isabelles-MacBook-Air.local:7077
26/06/25 23:59:42 INFO Worker: Master with url spark://Isabelles-MacBook-Air.local:7077 requested this worker to reconnect.
26/06/25 23:59:42 INFO Worker: Connecting to master Isabelles-MacBook-Air.local:7077...
26/06/25 23:59:42 INFO Worker: Successfully registered with master spark://Isabelles-MacBook-Air.local:7077
26/06/26 00:24:29 INFO Worker: Master with url spark://Isabelles-MacBook-Air.local:7077 requested this worker to reconnect.
26/06/26 00:24:29 INFO Worker: Connecting to master Isabelles-MacBook-Air.local:7077...
26/06/26 00:24:29 INFO Worker: Successfully registered with master spark://Isabelles-MacBook-Air.local:7077
26/06/26 01:09:14 INFO Worker: Removing directory: /Users/isabelledarling/Downloads/spark-4.1.2-bin-hadoop3/work/app-20260619004607-0000
26/06/26 03:27:08 INFO Worker: Master with url spark://Isabelles-MacBook-Air.local:7077 requested this worker to reconnect.
26/06/26 03:27:08 INFO Worker: Connecting to master Isabelles-MacBook-Air.local:7077...
26/06/26 03:27:08 INFO Worker: Successfully registered with master spark://Isabelles-MacBook-Air.local:7077
26/06/26 07:20:18 INFO Worker: Master with url spark://Isabelles-MacBook-Air.local:7077 requested this worker to reconnect.
26/06/26 07:20:18 INFO Worker: Connecting to master Isabelles-MacBook-Air.local:7077...
26/06/26 07:20:18 INFO Worker: Successfully registered with master spark://Isabelles-MacBook-Air.local:7077
26/06/26 08:12:37 INFO Worker: Master with url spark://Isabelles-MacBook-Air.local:7077 requested this worker to reconnect.
26/06/26 08:12:37 INFO Worker: Connecting to master Isabelles-MacBook-Air.local:7077...
26/06/26 08:12:37 INFO Worker: Successfully registered with master spark://Isabelles-MacBook-Air.local:7077
26/06/26 08:59:35 INFO Worker: Master with url spark://Isabelles-MacBook-Air.local:7077 requested this worker to reconnect.
26/06/26 08:59:35 INFO Worker: Connecting to master Isabelles-MacBook-Air.local:7077...
26/06/26 08:59:35 INFO Worker: Successfully registered with master spark://Isabelles-MacBook-Air.local:7077
26/06/26 09:13:40 INFO Worker: Master with url spark://Isabelles-MacBook-Air.local:7077 requested this worker to reconnect.
26/06/26 09:13:40 INFO Worker: Connecting to master Isabelles-MacBook-Air.local:7077...
26/06/26 09:13:40 INFO Worker: Successfully registered with master spark://Isabelles-MacBook-Air.local:7077
26/06/26 11:10:29 INFO Worker: Removing directory: /Users/isabelledarling/Downloads/spark-4.1.2-bin-hadoop3/work/app-20260619004630-0001
26/06/26 11:18:15 INFO Worker: Removing directory: /Users/isabelledarling/Downloads/spark-4.1.2-bin-hadoop3/work/app-20260619024124-0002
26/06/26 11:18:15 INFO Worker: Removing directory: /Users/isabelledarling/Downloads/spark-4.1.2-bin-hadoop3/work/app-20260619025107-0003
26/06/26 11:18:28 INFO Worker: Master with url spark://Isabelles-MacBook-Air.local:7077 requested this worker to reconnect.
26/06/26 11:18:28 INFO Worker: Connecting to master Isabelles-MacBook-Air.local:7077...
26/06/26 11:18:28 INFO Worker: Successfully registered with master spark://Isabelles-MacBook-Air.local:7077
26/06/26 11:30:49 INFO Worker: Master with url spark://Isabelles-MacBook-Air.local:7077 requested this worker to reconnect.
26/06/26 11:30:49 INFO Worker: Connecting to master Isabelles-MacBook-Air.local:7077...
26/06/26 11:30:49 INFO Worker: Successfully registered with master spark://Isabelles-MacBook-Air.local:7077
26/06/26 16:16:58 INFO Worker: Master with url spark://Isabelles-MacBook-Air.local:7077 requested this worker to reconnect.
26/06/26 16:16:58 INFO Worker: Connecting to master Isabelles-MacBook-Air.local:7077...
26/06/26 16:16:58 INFO Worker: Successfully registered with master spark://Isabelles-MacBook-Air.local:7077
26/06/26 21:27:46 INFO Worker: Master with url spark://Isabelles-MacBook-Air.local:7077 requested this worker to reconnect.
26/06/26 21:27:46 INFO Worker: Connecting to master Isabelles-MacBook-Air.local:7077...
26/06/26 21:27:46 INFO Worker: Successfully registered with master spark://Isabelles-MacBook-Air.local:7077
26/06/26 21:39:19 INFO Worker: Master with url spark://Isabelles-MacBook-Air.local:7077 requested this worker to reconnect.
26/06/26 21:39:19 INFO Worker: Connecting to master Isabelles-MacBook-Air.local:7077...
26/06/26 21:39:19 INFO Worker: Successfully registered with master spark://Isabelles-MacBook-Air.local:7077
26/06/27 00:36:59 INFO Worker: Master with url spark://Isabelles-MacBook-Air.local:7077 requested this worker to reconnect.
26/06/27 00:36:59 INFO Worker: Connecting to master Isabelles-MacBook-Air.local:7077...
26/06/27 00:36:59 INFO Worker: Successfully registered with master spark://Isabelles-MacBook-Air.local:7077
26/06/27 02:53:19 INFO Worker: Master with url spark://Isabelles-MacBook-Air.local:7077 requested this worker to reconnect.
26/06/27 02:53:19 INFO Worker: Connecting to master Isabelles-MacBook-Air.local:7077...
26/06/27 02:53:19 INFO Worker: Successfully registered with master spark://Isabelles-MacBook-Air.local:7077
26/06/27 03:25:39 INFO Worker: Master with url spark://Isabelles-MacBook-Air.local:7077 requested this worker to reconnect.
26/06/27 03:25:39 INFO Worker: Connecting to master Isabelles-MacBook-Air.local:7077...
26/06/27 03:25:39 INFO Worker: Successfully registered with master spark://Isabelles-MacBook-Air.local:7077
26/06/27 05:16:38 INFO Worker: Master with url spark://Isabelles-MacBook-Air.local:7077 requested this worker to reconnect.
26/06/27 05:16:38 INFO Worker: Connecting to master Isabelles-MacBook-Air.local:7077...
26/06/27 05:16:38 INFO Worker: Successfully registered with master spark://Isabelles-MacBook-Air.local:7077
26/06/27 05:35:02 INFO Worker: Master with url spark://Isabelles-MacBook-Air.local:7077 requested this worker to reconnect.
26/06/27 05:35:02 INFO Worker: Connecting to master Isabelles-MacBook-Air.local:7077...
26/06/27 05:35:02 INFO Worker: Successfully registered with master spark://Isabelles-MacBook-Air.local:7077
26/06/27 06:58:58 INFO Worker: Master with url spark://Isabelles-MacBook-Air.local:7077 requested this worker to reconnect.
26/06/27 06:58:58 INFO Worker: Connecting to master Isabelles-MacBook-Air.local:7077...
26/06/27 06:58:58 INFO Worker: Successfully registered with master spark://Isabelles-MacBook-Air.local:7077
26/06/27 09:13:16 INFO Worker: Master with url spark://Isabelles-MacBook-Air.local:7077 requested this worker to reconnect.
26/06/27 09:13:16 INFO Worker: Connecting to master Isabelles-MacBook-Air.local:7077...
26/06/27 09:13:16 INFO Worker: Successfully registered with master spark://Isabelles-MacBook-Air.local:7077
26/06/27 11:47:20 INFO Worker: Master with url spark://Isabelles-MacBook-Air.local:7077 requested this worker to reconnect.
26/06/27 11:47:20 INFO Worker: Connecting to master Isabelles-MacBook-Air.local:7077...
26/06/27 11:47:20 INFO Worker: Successfully registered with master spark://Isabelles-MacBook-Air.local:7077
26/06/27 12:59:45 INFO Worker: Master with url spark://Isabelles-MacBook-Air.local:7077 requested this worker to reconnect.
26/06/27 12:59:45 INFO Worker: Connecting to master Isabelles-MacBook-Air.local:7077...
26/06/27 12:59:45 INFO Worker: Successfully registered with master spark://Isabelles-MacBook-Air.local:7077
26/06/27 13:58:46 INFO Worker: Master with url spark://Isabelles-MacBook-Air.local:7077 requested this worker to reconnect.
26/06/27 13:58:46 INFO Worker: Connecting to master Isabelles-MacBook-Air.local:7077...
26/06/27 13:58:46 INFO Worker: Successfully registered with master spark://Isabelles-MacBook-Air.local:7077
26/06/27 16:42:11 INFO Worker: Master with url spark://Isabelles-MacBook-Air.local:7077 requested this worker to reconnect.
26/06/27 16:42:11 INFO Worker: Connecting to master Isabelles-MacBook-Air.local:7077...
26/06/27 16:42:11 INFO Worker: Successfully registered with master spark://Isabelles-MacBook-Air.local:7077
26/06/27 16:47:20 INFO Worker: Master with url spark://Isabelles-MacBook-Air.local:7077 requested this worker to reconnect.
26/06/27 16:47:20 INFO Worker: Connecting to master Isabelles-MacBook-Air.local:7077...
26/06/27 16:47:20 INFO Worker: Successfully registered with master spark://Isabelles-MacBook-Air.local:7077
26/06/27 17:12:42 INFO Worker: Removing directory: /Users/isabelledarling/Downloads/spark-4.1.2-bin-hadoop3/work/app-20260620170803-0004
26/06/27 17:12:42 INFO Worker: Removing directory: /Users/isabelledarling/Downloads/spark-4.1.2-bin-hadoop3/work/app-20260620170902-0005
26/06/27 17:45:31 INFO Worker: Removing directory: /Users/isabelledarling/Downloads/spark-4.1.2-bin-hadoop3/work/app-20260620172308-0006
26/06/27 17:45:31 INFO Worker: Removing directory: /Users/isabelledarling/Downloads/spark-4.1.2-bin-hadoop3/work/app-20260620173001-0007
26/06/27 18:15:31 INFO Worker: Removing directory: /Users/isabelledarling/Downloads/spark-4.1.2-bin-hadoop3/work/app-20260620181321-0014
26/06/27 18:15:31 INFO Worker: Removing directory: /Users/isabelledarling/Downloads/spark-4.1.2-bin-hadoop3/work/app-20260620181209-0013
26/06/27 18:15:31 INFO Worker: Removing directory: /Users/isabelledarling/Downloads/spark-4.1.2-bin-hadoop3/work/app-20260620175943-0011
26/06/27 18:15:31 INFO Worker: Removing directory: /Users/isabelledarling/Downloads/spark-4.1.2-bin-hadoop3/work/app-20260620175752-0010
26/06/27 18:15:31 INFO Worker: Removing directory: /Users/isabelledarling/Downloads/spark-4.1.2-bin-hadoop3/work/app-20260620181021-0012
26/06/27 18:15:32 INFO Worker: Removing directory: /Users/isabelledarling/Downloads/spark-4.1.2-bin-hadoop3/work/app-20260620175724-0009
26/06/27 18:15:32 INFO Worker: Removing directory: /Users/isabelledarling/Downloads/spark-4.1.2-bin-hadoop3/work/app-20260620174132-0008
26/06/27 18:45:31 INFO Worker: Removing directory: /Users/isabelledarling/Downloads/spark-4.1.2-bin-hadoop3/work/app-20260620182636-0019
26/06/27 18:45:31 INFO Worker: Removing directory: /Users/isabelledarling/Downloads/spark-4.1.2-bin-hadoop3/work/app-20260620181836-0016
26/06/27 18:45:31 INFO Worker: Removing directory: /Users/isabelledarling/Downloads/spark-4.1.2-bin-hadoop3/work/app-20260620181411-0015
26/06/27 18:45:32 INFO Worker: Removing directory: /Users/isabelledarling/Downloads/spark-4.1.2-bin-hadoop3/work/app-20260620182433-0017
26/06/27 18:45:32 INFO Worker: Removing directory: /Users/isabelledarling/Downloads/spark-4.1.2-bin-hadoop3/work/app-20260620182459-0018
26/06/27 19:16:00 INFO Worker: Removing directory: /Users/isabelledarling/Downloads/spark-4.1.2-bin-hadoop3/work/app-20260620191301-0022
26/06/27 19:16:00 INFO Worker: Removing directory: /Users/isabelledarling/Downloads/spark-4.1.2-bin-hadoop3/work/app-20260620183757-0020
26/06/27 19:16:00 INFO Worker: Removing directory: /Users/isabelledarling/Downloads/spark-4.1.2-bin-hadoop3/work/app-20260620190736-0021
26/06/27 19:35:45 INFO Worker: Master with url spark://Isabelles-MacBook-Air.local:7077 requested this worker to reconnect.
26/06/27 19:35:45 INFO Worker: Connecting to master Isabelles-MacBook-Air.local:7077...
26/06/27 19:35:45 INFO Worker: Successfully registered with master spark://Isabelles-MacBook-Air.local:7077
26/06/27 19:52:30 INFO Worker: Removing directory: /Users/isabelledarling/Downloads/spark-4.1.2-bin-hadoop3/work/app-20260620194340-0004
26/06/27 19:52:30 INFO Worker: Removing directory: /Users/isabelledarling/Downloads/spark-4.1.2-bin-hadoop3/work/app-20260620192126-0024
26/06/27 19:52:30 INFO Worker: Removing directory: /Users/isabelledarling/Downloads/spark-4.1.2-bin-hadoop3/work/app-20260620194001-0001
26/06/27 19:52:30 INFO Worker: Removing directory: /Users/isabelledarling/Downloads/spark-4.1.2-bin-hadoop3/work/app-20260620194038-0002
26/06/27 19:52:30 INFO Worker: Removing directory: /Users/isabelledarling/Downloads/spark-4.1.2-bin-hadoop3/work/app-20260620191325-0023
26/06/27 19:52:30 INFO Worker: Removing directory: /Users/isabelledarling/Downloads/spark-4.1.2-bin-hadoop3/work/app-20260620194723-0005
26/06/27 19:52:30 INFO Worker: Removing directory: /Users/isabelledarling/Downloads/spark-4.1.2-bin-hadoop3/work/app-20260620194114-0003
26/06/27 19:52:30 INFO Worker: Removing directory: /Users/isabelledarling/Downloads/spark-4.1.2-bin-hadoop3/work/app-20260620193817-0000
26/06/27 19:52:30 INFO Worker: Removing directory: /Users/isabelledarling/Downloads/spark-4.1.2-bin-hadoop3/work/app-20260620193527-0026
26/06/27 19:52:30 INFO Worker: Removing directory: /Users/isabelledarling/Downloads/spark-4.1.2-bin-hadoop3/work/app-20260620192851-0025
26/06/27 20:22:30 INFO Worker: Removing directory: /Users/isabelledarling/Downloads/spark-4.1.2-bin-hadoop3/work/app-20260620195249-0006
26/06/27 23:57:28 INFO Worker: Master with url spark://Isabelles-MacBook-Air.local:7077 requested this worker to reconnect.
26/06/27 23:57:28 INFO Worker: Connecting to master Isabelles-MacBook-Air.local:7077...
26/06/27 23:57:28 INFO Worker: Successfully registered with master spark://Isabelles-MacBook-Air.local:7077
26/06/28 00:30:13 INFO Worker: Master with url spark://Isabelles-MacBook-Air.local:7077 requested this worker to reconnect.
26/06/28 00:30:13 INFO Worker: Connecting to master Isabelles-MacBook-Air.local:7077...
26/06/28 00:30:13 INFO Worker: Successfully registered with master spark://Isabelles-MacBook-Air.local:7077
26/06/28 02:48:22 INFO Worker: Master with url spark://Isabelles-MacBook-Air.local:7077 requested this worker to reconnect.
26/06/28 02:48:22 INFO Worker: Connecting to master Isabelles-MacBook-Air.local:7077...
26/06/28 02:48:23 INFO Worker: Successfully registered with master spark://Isabelles-MacBook-Air.local:7077
26/06/28 03:07:25 INFO Worker: Master with url spark://Isabelles-MacBook-Air.local:7077 requested this worker to reconnect.
26/06/28 03:07:25 INFO Worker: Connecting to master Isabelles-MacBook-Air.local:7077...
26/06/28 03:07:25 INFO Worker: Successfully registered with master spark://Isabelles-MacBook-Air.local:7077
26/06/28 06:09:31 INFO Worker: Master with url spark://Isabelles-MacBook-Air.local:7077 requested this worker to reconnect.
26/06/28 06:09:31 INFO Worker: Connecting to master Isabelles-MacBook-Air.local:7077...
26/06/28 06:09:31 INFO Worker: Successfully registered with master spark://Isabelles-MacBook-Air.local:7077
26/06/28 08:37:44 INFO Worker: Master with url spark://Isabelles-MacBook-Air.local:7077 requested this worker to reconnect.
26/06/28 08:37:44 INFO Worker: Connecting to master Isabelles-MacBook-Air.local:7077...
26/06/28 08:37:44 INFO Worker: Successfully registered with master spark://Isabelles-MacBook-Air.local:7077
26/06/28 10:26:22 INFO Worker: Master with url spark://Isabelles-MacBook-Air.local:7077 requested this worker to reconnect.
26/06/28 10:26:22 INFO Worker: Connecting to master Isabelles-MacBook-Air.local:7077...
26/06/28 10:26:22 INFO Worker: Successfully registered with master spark://Isabelles-MacBook-Air.local:7077
26/06/28 10:44:38 INFO Worker: Master with url spark://Isabelles-MacBook-Air.local:7077 requested this worker to reconnect.
26/06/28 10:44:38 INFO Worker: Connecting to master Isabelles-MacBook-Air.local:7077...
26/06/28 10:44:38 INFO Worker: Successfully registered with master spark://Isabelles-MacBook-Air.local:7077
26/06/28 11:57:10 INFO Worker: Master with url spark://Isabelles-MacBook-Air.local:7077 requested this worker to reconnect.
26/06/28 11:57:10 INFO Worker: Connecting to master Isabelles-MacBook-Air.local:7077...
26/06/28 11:57:10 INFO Worker: Successfully registered with master spark://Isabelles-MacBook-Air.local:7077
26/06/28 13:01:58 INFO Worker: Master with url spark://Isabelles-MacBook-Air.local:7077 requested this worker to reconnect.
26/06/28 13:01:58 INFO Worker: Connecting to master Isabelles-MacBook-Air.local:7077...
26/06/28 13:01:58 INFO Worker: Successfully registered with master spark://Isabelles-MacBook-Air.local:7077
26/06/28 16:02:21 INFO Worker: Master with url spark://Isabelles-MacBook-Air.local:7077 requested this worker to reconnect.
26/06/28 16:02:21 INFO Worker: Connecting to master Isabelles-MacBook-Air.local:7077...
26/06/28 16:02:21 INFO Worker: Successfully registered with master spark://Isabelles-MacBook-Air.local:7077
26/06/28 16:36:23 INFO Worker: Master with url spark://Isabelles-MacBook-Air.local:7077 requested this worker to reconnect.
26/06/28 16:36:23 INFO Worker: Connecting to master Isabelles-MacBook-Air.local:7077...
26/06/28 16:36:23 INFO Worker: Successfully registered with master spark://Isabelles-MacBook-Air.local:7077
26/06/28 17:31:16 INFO Worker: Master with url spark://Isabelles-MacBook-Air.local:7077 requested this worker to reconnect.
26/06/28 17:31:16 INFO Worker: Connecting to master Isabelles-MacBook-Air.local:7077...
26/06/28 17:31:16 INFO Worker: Successfully registered with master spark://Isabelles-MacBook-Air.local:7077
26/06/28 18:24:13 INFO Worker: Master with url spark://Isabelles-MacBook-Air.local:7077 requested this worker to reconnect.
26/06/28 18:24:13 INFO Worker: Connecting to master Isabelles-MacBook-Air.local:7077...
26/06/28 18:24:13 INFO Worker: Successfully registered with master spark://Isabelles-MacBook-Air.local:7077
26/06/28 19:12:57 INFO Worker: Master with url spark://Isabelles-MacBook-Air.local:7077 requested this worker to reconnect.
26/06/28 19:12:57 INFO Worker: Connecting to master Isabelles-MacBook-Air.local:7077...
26/06/28 19:12:57 INFO Worker: Successfully registered with master spark://Isabelles-MacBook-Air.local:7077
26/06/28 20:48:15 INFO Worker: Master with url spark://Isabelles-MacBook-Air.local:7077 requested this worker to reconnect.
26/06/28 20:48:15 INFO Worker: Connecting to master Isabelles-MacBook-Air.local:7077...
26/06/28 20:48:15 INFO Worker: Successfully registered with master spark://Isabelles-MacBook-Air.local:7077
26/06/28 21:22:12 INFO Worker: Master with url spark://Isabelles-MacBook-Air.local:7077 requested this worker to reconnect.
26/06/28 21:22:12 INFO Worker: Connecting to master Isabelles-MacBook-Air.local:7077...
26/06/28 21:22:12 INFO Worker: Successfully registered with master spark://Isabelles-MacBook-Air.local:7077
26/06/28 23:09:58 INFO Worker: Master with url spark://Isabelles-MacBook-Air.local:7077 requested this worker to reconnect.
26/06/28 23:09:58 INFO Worker: Connecting to master Isabelles-MacBook-Air.local:7077...
26/06/28 23:09:58 INFO Worker: Successfully registered with master spark://Isabelles-MacBook-Air.local:7077
26/06/29 03:44:19 INFO Worker: Master with url spark://Isabelles-MacBook-Air.local:7077 requested this worker to reconnect.
26/06/29 03:44:19 INFO Worker: Connecting to master Isabelles-MacBook-Air.local:7077...
26/06/29 03:44:19 INFO Worker: Successfully registered with master spark://Isabelles-MacBook-Air.local:7077
26/06/29 06:54:03 INFO Worker: Master with url spark://Isabelles-MacBook-Air.local:7077 requested this worker to reconnect.
26/06/29 06:54:03 INFO Worker: Connecting to master Isabelles-MacBook-Air.local:7077...
26/06/29 06:54:03 INFO Worker: Successfully registered with master spark://Isabelles-MacBook-Air.local:7077
26/06/29 09:56:49 INFO Worker: Master with url spark://Isabelles-MacBook-Air.local:7077 requested this worker to reconnect.
26/06/29 09:56:49 INFO Worker: Connecting to master Isabelles-MacBook-Air.local:7077...
26/06/29 09:56:49 INFO Worker: Successfully registered with master spark://Isabelles-MacBook-Air.local:7077
26/06/29 11:01:52 INFO Worker: Master with url spark://Isabelles-MacBook-Air.local:7077 requested this worker to reconnect.
26/06/29 11:01:52 INFO Worker: Connecting to master Isabelles-MacBook-Air.local:7077...
26/06/29 11:01:52 INFO Worker: Successfully registered with master spark://Isabelles-MacBook-Air.local:7077
26/06/29 13:55:10 INFO Worker: Master with url spark://Isabelles-MacBook-Air.local:7077 requested this worker to reconnect.
26/06/29 13:55:10 INFO Worker: Connecting to master Isabelles-MacBook-Air.local:7077...
26/06/29 13:55:10 INFO Worker: Successfully registered with master spark://Isabelles-MacBook-Air.local:7077
26/06/30 00:44:07 INFO Worker: Master with url spark://Isabelles-MacBook-Air.local:7077 requested this worker to reconnect.
26/06/30 00:44:07 INFO Worker: Connecting to master Isabelles-MacBook-Air.local:7077...
26/06/30 00:44:07 INFO Worker: Successfully registered with master spark://Isabelles-MacBook-Air.local:7077
26/06/30 03:04:34 INFO Worker: Master with url spark://Isabelles-MacBook-Air.local:7077 requested this worker to reconnect.
26/06/30 03:04:34 INFO Worker: Connecting to master Isabelles-MacBook-Air.local:7077...
26/06/30 03:04:34 INFO Worker: Successfully registered with master spark://Isabelles-MacBook-Air.local:7077
26/06/30 03:59:36 INFO Worker: Master with url spark://Isabelles-MacBook-Air.local:7077 requested this worker to reconnect.
26/06/30 03:59:36 INFO Worker: Connecting to master Isabelles-MacBook-Air.local:7077...
26/06/30 03:59:36 INFO Worker: Successfully registered with master spark://Isabelles-MacBook-Air.local:7077
26/06/30 05:05:40 INFO Worker: Master with url spark://Isabelles-MacBook-Air.local:7077 requested this worker to reconnect.
26/06/30 05:05:40 INFO Worker: Connecting to master Isabelles-MacBook-Air.local:7077...
26/06/30 05:05:40 INFO Worker: Successfully registered with master spark://Isabelles-MacBook-Air.local:7077
26/06/30 05:13:43 INFO Worker: Master with url spark://Isabelles-MacBook-Air.local:7077 requested this worker to reconnect.
26/06/30 05:13:43 INFO Worker: Connecting to master Isabelles-MacBook-Air.local:7077...
26/06/30 05:13:43 INFO Worker: Successfully registered with master spark://Isabelles-MacBook-Air.local:7077
26/06/30 07:01:49 INFO Worker: Master with url spark://Isabelles-MacBook-Air.local:7077 requested this worker to reconnect.
26/06/30 07:01:49 INFO Worker: Connecting to master Isabelles-MacBook-Air.local:7077...
26/06/30 07:01:49 INFO Worker: Successfully registered with master spark://Isabelles-MacBook-Air.local:7077
26/06/30 10:03:55 INFO Worker: Master with url spark://Isabelles-MacBook-Air.local:7077 requested this worker to reconnect.
26/06/30 10:03:55 INFO Worker: Connecting to master Isabelles-MacBook-Air.local:7077...
26/06/30 10:03:55 INFO Worker: Successfully registered with master spark://Isabelles-MacBook-Air.local:7077
26/06/30 10:47:04 INFO Worker: Master with url spark://Isabelles-MacBook-Air.local:7077 requested this worker to reconnect.
26/06/30 10:47:04 INFO Worker: Connecting to master Isabelles-MacBook-Air.local:7077...
26/06/30 10:47:04 INFO Worker: Successfully registered with master spark://Isabelles-MacBook-Air.local:7077
26/06/30 13:38:52 INFO Worker: Master with url spark://Isabelles-MacBook-Air.local:7077 requested this worker to reconnect.
26/06/30 13:38:52 INFO Worker: Connecting to master Isabelles-MacBook-Air.local:7077...
26/06/30 13:38:52 INFO Worker: Successfully registered with master spark://Isabelles-MacBook-Air.local:7077
26/06/30 16:55:12 INFO Worker: Master with url spark://Isabelles-MacBook-Air.local:7077 requested this worker to reconnect.
26/06/30 16:55:12 INFO Worker: Connecting to master Isabelles-MacBook-Air.local:7077...
26/06/30 16:55:12 INFO Worker: Successfully registered with master spark://Isabelles-MacBook-Air.local:7077
26/07/01 00:15:12 INFO Worker: Master with url spark://Isabelles-MacBook-Air.local:7077 requested this worker to reconnect.
26/07/01 00:15:12 INFO Worker: Connecting to master Isabelles-MacBook-Air.local:7077...
26/07/01 00:15:12 INFO Worker: Successfully registered with master spark://Isabelles-MacBook-Air.local:7077
26/07/01 04:12:06 INFO Worker: Master with url spark://Isabelles-MacBook-Air.local:7077 requested this worker to reconnect.
26/07/01 04:12:06 INFO Worker: Connecting to master Isabelles-MacBook-Air.local:7077...
26/07/01 04:12:06 INFO Worker: Successfully registered with master spark://Isabelles-MacBook-Air.local:7077
26/07/01 06:54:05 INFO Worker: Master with url spark://Isabelles-MacBook-Air.local:7077 requested this worker to reconnect.
26/07/01 06:54:05 INFO Worker: Connecting to master Isabelles-MacBook-Air.local:7077...
26/07/01 06:54:05 INFO Worker: Successfully registered with master spark://Isabelles-MacBook-Air.local:7077
26/07/01 07:37:24 INFO Worker: Master with url spark://Isabelles-MacBook-Air.local:7077 requested this worker to reconnect.
26/07/01 07:37:24 INFO Worker: Connecting to master Isabelles-MacBook-Air.local:7077...
26/07/01 07:37:24 INFO Worker: Successfully registered with master spark://Isabelles-MacBook-Air.local:7077
26/07/01 09:01:21 INFO Worker: Master with url spark://Isabelles-MacBook-Air.local:7077 requested this worker to reconnect.
26/07/01 09:01:21 INFO Worker: Connecting to master Isabelles-MacBook-Air.local:7077...
26/07/01 09:01:21 INFO Worker: Successfully registered with master spark://Isabelles-MacBook-Air.local:7077
26/07/01 11:30:00 INFO Worker: Master with url spark://Isabelles-MacBook-Air.local:7077 requested this worker to reconnect.
26/07/01 11:30:00 INFO Worker: Connecting to master Isabelles-MacBook-Air.local:7077...
26/07/01 11:30:00 INFO Worker: Successfully registered with master spark://Isabelles-MacBook-Air.local:7077
26/07/01 12:13:27 INFO Worker: Master with url spark://Isabelles-MacBook-Air.local:7077 requested this worker to reconnect.
26/07/01 12:13:27 INFO Worker: Connecting to master Isabelles-MacBook-Air.local:7077...
26/07/01 12:13:27 INFO Worker: Successfully registered with master spark://Isabelles-MacBook-Air.local:7077
26/07/01 13:14:46 INFO Worker: Master with url spark://Isabelles-MacBook-Air.local:7077 requested this worker to reconnect.
26/07/01 13:14:46 INFO Worker: Connecting to master Isabelles-MacBook-Air.local:7077...
26/07/01 13:14:46 INFO Worker: Successfully registered with master spark://Isabelles-MacBook-Air.local:7077
26/07/01 15:11:13 INFO Worker: Master with url spark://Isabelles-MacBook-Air.local:7077 requested this worker to reconnect.
26/07/01 15:11:13 INFO Worker: Connecting to master Isabelles-MacBook-Air.local:7077...
26/07/01 15:11:13 INFO Worker: Successfully registered with master spark://Isabelles-MacBook-Air.local:7077
26/07/01 15:19:24 INFO Worker: Master with url spark://Isabelles-MacBook-Air.local:7077 requested this worker to reconnect.
26/07/01 15:19:24 INFO Worker: Connecting to master Isabelles-MacBook-Air.local:7077...
26/07/01 15:19:24 INFO Worker: Successfully registered with master spark://Isabelles-MacBook-Air.local:7077
26/07/01 16:51:22 INFO Worker: Master with url spark://Isabelles-MacBook-Air.local:7077 requested this worker to reconnect.
26/07/01 16:51:22 INFO Worker: Connecting to master Isabelles-MacBook-Air.local:7077...
26/07/01 16:51:22 INFO Worker: Successfully registered with master spark://Isabelles-MacBook-Air.local:7077
26/07/01 17:54:06 INFO Worker: Master with url spark://Isabelles-MacBook-Air.local:7077 requested this worker to reconnect.
26/07/01 17:54:06 INFO Worker: Connecting to master Isabelles-MacBook-Air.local:7077...
26/07/01 17:54:06 INFO Worker: Successfully registered with master spark://Isabelles-MacBook-Air.local:7077
26/07/01 21:27:37 INFO Worker: Master with url spark://Isabelles-MacBook-Air.local:7077 requested this worker to reconnect.
26/07/01 21:27:37 INFO Worker: Connecting to master Isabelles-MacBook-Air.local:7077...
26/07/01 21:27:37 INFO Worker: Successfully registered with master spark://Isabelles-MacBook-Air.local:7077
26/07/01 22:10:41 INFO Worker: Master with url spark://Isabelles-MacBook-Air.local:7077 requested this worker to reconnect.
26/07/01 22:10:41 INFO Worker: Connecting to master Isabelles-MacBook-Air.local:7077...
26/07/01 22:10:41 INFO Worker: Successfully registered with master spark://Isabelles-MacBook-Air.local:7077
26/07/02 02:41:48 INFO Worker: Master with url spark://Isabelles-MacBook-Air.local:7077 requested this worker to reconnect.
26/07/02 02:41:48 INFO Worker: Connecting to master Isabelles-MacBook-Air.local:7077...
26/07/02 02:41:48 INFO Worker: Successfully registered with master spark://Isabelles-MacBook-Air.local:7077
26/07/02 06:37:50 INFO Worker: Master with url spark://Isabelles-MacBook-Air.local:7077 requested this worker to reconnect.
26/07/02 06:37:50 INFO Worker: Connecting to master Isabelles-MacBook-Air.local:7077...
26/07/02 06:37:50 INFO Worker: Successfully registered with master spark://Isabelles-MacBook-Air.local:7077
26/07/02 11:40:03 INFO Worker: Master with url spark://Isabelles-MacBook-Air.local:7077 requested this worker to reconnect.
26/07/02 11:40:03 INFO Worker: Connecting to master Isabelles-MacBook-Air.local:7077...
26/07/02 11:40:03 INFO Worker: Successfully registered with master spark://Isabelles-MacBook-Air.local:7077
26/07/02 12:14:07 INFO Worker: Master with url spark://Isabelles-MacBook-Air.local:7077 requested this worker to reconnect.
26/07/02 12:14:07 INFO Worker: Connecting to master Isabelles-MacBook-Air.local:7077...
26/07/02 12:14:07 INFO Worker: Successfully registered with master spark://Isabelles-MacBook-Air.local:7077
26/07/02 19:36:10 INFO Worker: Master with url spark://Isabelles-MacBook-Air.local:7077 requested this worker to reconnect.
26/07/02 19:36:10 INFO Worker: Connecting to master Isabelles-MacBook-Air.local:7077...
26/07/02 19:36:10 INFO Worker: Successfully registered with master spark://Isabelles-MacBook-Air.local:7077
26/07/02 20:22:14 INFO Worker: Master with url spark://Isabelles-MacBook-Air.local:7077 requested this worker to reconnect.
26/07/02 20:22:14 INFO Worker: Connecting to master Isabelles-MacBook-Air.local:7077...
26/07/02 20:22:14 INFO Worker: Successfully registered with master spark://Isabelles-MacBook-Air.local:7077
26/07/02 21:07:01 INFO Worker: Master with url spark://Isabelles-MacBook-Air.local:7077 requested this worker to reconnect.
26/07/02 21:07:01 INFO Worker: Connecting to master Isabelles-MacBook-Air.local:7077...
26/07/02 21:07:01 INFO Worker: Successfully registered with master spark://Isabelles-MacBook-Air.local:7077
26/07/03 00:52:43 INFO Worker: Master with url spark://Isabelles-MacBook-Air.local:7077 requested this worker to reconnect.
26/07/03 00:52:43 INFO Worker: Connecting to master Isabelles-MacBook-Air.local:7077...
26/07/03 00:52:43 INFO Worker: Successfully registered with master spark://Isabelles-MacBook-Air.local:7077
26/07/03 01:49:24 INFO Worker: Master with url spark://Isabelles-MacBook-Air.local:7077 requested this worker to reconnect.
26/07/03 01:49:24 INFO Worker: Connecting to master Isabelles-MacBook-Air.local:7077...
26/07/03 01:49:24 INFO Worker: Successfully registered with master spark://Isabelles-MacBook-Air.local:7077
26/07/03 02:44:49 INFO Worker: Master with url spark://Isabelles-MacBook-Air.local:7077 requested this worker to reconnect.
26/07/03 02:44:49 INFO Worker: Connecting to master Isabelles-MacBook-Air.local:7077...
26/07/03 02:44:49 INFO Worker: Successfully registered with master spark://Isabelles-MacBook-Air.local:7077
26/07/03 03:47:59 INFO Worker: Master with url spark://Isabelles-MacBook-Air.local:7077 requested this worker to reconnect.
26/07/03 03:47:59 INFO Worker: Connecting to master Isabelles-MacBook-Air.local:7077...
26/07/03 03:47:59 INFO Worker: Successfully registered with master spark://Isabelles-MacBook-Air.local:7077
26/07/03 07:41:40 INFO Worker: Master with url spark://Isabelles-MacBook-Air.local:7077 requested this worker to reconnect.
26/07/03 07:41:40 INFO Worker: Connecting to master Isabelles-MacBook-Air.local:7077...
26/07/03 07:41:40 INFO Worker: Successfully registered with master spark://Isabelles-MacBook-Air.local:7077
26/07/03 08:21:51 INFO Worker: Master with url spark://Isabelles-MacBook-Air.local:7077 requested this worker to reconnect.
26/07/03 08:21:51 INFO Worker: Connecting to master Isabelles-MacBook-Air.local:7077...
26/07/03 08:21:51 INFO Worker: Successfully registered with master spark://Isabelles-MacBook-Air.local:7077
26/07/03 09:22:58 INFO Worker: Master with url spark://Isabelles-MacBook-Air.local:7077 requested this worker to reconnect.
26/07/03 09:22:58 INFO Worker: Connecting to master Isabelles-MacBook-Air.local:7077...
26/07/03 09:22:58 INFO Worker: Successfully registered with master spark://Isabelles-MacBook-Air.local:7077
26/07/03 12:25:02 INFO Worker: Master with url spark://Isabelles-MacBook-Air.local:7077 requested this worker to reconnect.
26/07/03 12:25:02 INFO Worker: Connecting to master Isabelles-MacBook-Air.local:7077...
26/07/03 12:25:02 INFO Worker: Successfully registered with master spark://Isabelles-MacBook-Air.local:7077
26/07/03 13:26:24 INFO Worker: Master with url spark://Isabelles-MacBook-Air.local:7077 requested this worker to reconnect.
26/07/03 13:26:24 INFO Worker: Connecting to master Isabelles-MacBook-Air.local:7077...
26/07/03 13:26:24 INFO Worker: Successfully registered with master spark://Isabelles-MacBook-Air.local:7077
26/07/03 15:23:32 ERROR Worker: App dir cleanup failed: ERROR: Failed to list files in /Users/isabelledarling/Downloads/spark-4.1.2-bin-hadoop3/work
java.io.IOException: ERROR: Failed to list files in /Users/isabelledarling/Downloads/spark-4.1.2-bin-hadoop3/work
	at org.apache.spark.deploy.worker.Worker$$anonfun$receive$1.$anonfun$applyOrElse$3(Worker.scala:550)
	at scala.runtime.java8.JFunction0$mcV$sp.apply(JFunction0$mcV$sp.scala:18)
	at scala.concurrent.Future$.$anonfun$apply$1(Future.scala:691)
	at scala.concurrent.impl.Promise$Transformation.run(Promise.scala:500)
	at java.base/java.util.concurrent.ThreadPoolExecutor.runWorker(ThreadPoolExecutor.java:1144)
	at java.base/java.util.concurrent.ThreadPoolExecutor$Worker.run(ThreadPoolExecutor.java:642)
	at java.base/java.lang.Thread.run(Thread.java:1583)
26/07/03 15:53:32 ERROR Worker: App dir cleanup failed: ERROR: Failed to list files in /Users/isabelledarling/Downloads/spark-4.1.2-bin-hadoop3/work
java.io.IOException: ERROR: Failed to list files in /Users/isabelledarling/Downloads/spark-4.1.2-bin-hadoop3/work
	at org.apache.spark.deploy.worker.Worker$$anonfun$receive$1.$anonfun$applyOrElse$3(Worker.scala:550)
	at scala.runtime.java8.JFunction0$mcV$sp.apply(JFunction0$mcV$sp.scala:18)
	at scala.concurrent.Future$.$anonfun$apply$1(Future.scala:691)
	at scala.concurrent.impl.Promise$Transformation.run(Promise.scala:500)
	at java.base/java.util.concurrent.ThreadPoolExecutor.runWorker(ThreadPoolExecutor.java:1144)
	at java.base/java.util.concurrent.ThreadPoolExecutor$Worker.run(ThreadPoolExecutor.java:642)
	at java.base/java.lang.Thread.run(Thread.java:1583)
26/07/03 16:45:25 INFO Worker: Master with url spark://Isabelles-MacBook-Air.local:7077 requested this worker to reconnect.
26/07/03 16:45:25 INFO Worker: Connecting to master Isabelles-MacBook-Air.local:7077...
26/07/03 16:45:25 INFO Worker: Successfully registered with master spark://Isabelles-MacBook-Air.local:7077
26/07/03 17:44:29 INFO Worker: Master with url spark://Isabelles-MacBook-Air.local:7077 requested this worker to reconnect.
26/07/03 17:44:29 INFO Worker: Connecting to master Isabelles-MacBook-Air.local:7077...
26/07/03 17:44:29 INFO Worker: Successfully registered with master spark://Isabelles-MacBook-Air.local:7077
26/07/03 19:11:38 ERROR Worker: App dir cleanup failed: ERROR: Failed to list files in /Users/isabelledarling/Downloads/spark-4.1.2-bin-hadoop3/work
java.io.IOException: ERROR: Failed to list files in /Users/isabelledarling/Downloads/spark-4.1.2-bin-hadoop3/work
	at org.apache.spark.deploy.worker.Worker$$anonfun$receive$1.$anonfun$applyOrElse$3(Worker.scala:550)
	at scala.runtime.java8.JFunction0$mcV$sp.apply(JFunction0$mcV$sp.scala:18)
	at scala.concurrent.Future$.$anonfun$apply$1(Future.scala:691)
	at scala.concurrent.impl.Promise$Transformation.run(Promise.scala:500)
	at java.base/java.util.concurrent.ThreadPoolExecutor.runWorker(ThreadPoolExecutor.java:1144)
	at java.base/java.util.concurrent.ThreadPoolExecutor$Worker.run(ThreadPoolExecutor.java:642)
	at java.base/java.lang.Thread.run(Thread.java:1583)
26/07/03 19:42:29 ERROR Worker: App dir cleanup failed: ERROR: Failed to list files in /Users/isabelledarling/Downloads/spark-4.1.2-bin-hadoop3/work
java.io.IOException: ERROR: Failed to list files in /Users/isabelledarling/Downloads/spark-4.1.2-bin-hadoop3/work
	at org.apache.spark.deploy.worker.Worker$$anonfun$receive$1.$anonfun$applyOrElse$3(Worker.scala:550)
	at scala.runtime.java8.JFunction0$mcV$sp.apply(JFunction0$mcV$sp.scala:18)
	at scala.concurrent.Future$.$anonfun$apply$1(Future.scala:691)
	at scala.concurrent.impl.Promise$Transformation.run(Promise.scala:500)
	at java.base/java.util.concurrent.ThreadPoolExecutor.runWorker(ThreadPoolExecutor.java:1144)
	at java.base/java.util.concurrent.ThreadPoolExecutor$Worker.run(ThreadPoolExecutor.java:642)
	at java.base/java.lang.Thread.run(Thread.java:1583)
26/07/03 20:12:29 ERROR Worker: App dir cleanup failed: ERROR: Failed to list files in /Users/isabelledarling/Downloads/spark-4.1.2-bin-hadoop3/work
java.io.IOException: ERROR: Failed to list files in /Users/isabelledarling/Downloads/spark-4.1.2-bin-hadoop3/work
	at org.apache.spark.deploy.worker.Worker$$anonfun$receive$1.$anonfun$applyOrElse$3(Worker.scala:550)
	at scala.runtime.java8.JFunction0$mcV$sp.apply(JFunction0$mcV$sp.scala:18)
	at scala.concurrent.Future$.$anonfun$apply$1(Future.scala:691)
	at scala.concurrent.impl.Promise$Transformation.run(Promise.scala:500)
	at java.base/java.util.concurrent.ThreadPoolExecutor.runWorker(ThreadPoolExecutor.java:1144)
	at java.base/java.util.concurrent.ThreadPoolExecutor$Worker.run(ThreadPoolExecutor.java:642)
	at java.base/java.lang.Thread.run(Thread.java:1583)
26/07/03 20:42:29 ERROR Worker: App dir cleanup failed: ERROR: Failed to list files in /Users/isabelledarling/Downloads/spark-4.1.2-bin-hadoop3/work
java.io.IOException: ERROR: Failed to list files in /Users/isabelledarling/Downloads/spark-4.1.2-bin-hadoop3/work
	at org.apache.spark.deploy.worker.Worker$$anonfun$receive$1.$anonfun$applyOrElse$3(Worker.scala:550)
	at scala.runtime.java8.JFunction0$mcV$sp.apply(JFunction0$mcV$sp.scala:18)
	at scala.concurrent.Future$.$anonfun$apply$1(Future.scala:691)
	at scala.concurrent.impl.Promise$Transformation.run(Promise.scala:500)
	at java.base/java.util.concurrent.ThreadPoolExecutor.runWorker(ThreadPoolExecutor.java:1144)
	at java.base/java.util.concurrent.ThreadPoolExecutor$Worker.run(ThreadPoolExecutor.java:642)
	at java.base/java.lang.Thread.run(Thread.java:1583)
26/07/03 21:12:29 ERROR Worker: App dir cleanup failed: ERROR: Failed to list files in /Users/isabelledarling/Downloads/spark-4.1.2-bin-hadoop3/work
java.io.IOException: ERROR: Failed to list files in /Users/isabelledarling/Downloads/spark-4.1.2-bin-hadoop3/work
	at org.apache.spark.deploy.worker.Worker$$anonfun$receive$1.$anonfun$applyOrElse$3(Worker.scala:550)
	at scala.runtime.java8.JFunction0$mcV$sp.apply(JFunction0$mcV$sp.scala:18)
	at scala.concurrent.Future$.$anonfun$apply$1(Future.scala:691)
	at scala.concurrent.impl.Promise$Transformation.run(Promise.scala:500)
	at java.base/java.util.concurrent.ThreadPoolExecutor.runWorker(ThreadPoolExecutor.java:1144)
	at java.base/java.util.concurrent.ThreadPoolExecutor$Worker.run(ThreadPoolExecutor.java:642)
	at java.base/java.lang.Thread.run(Thread.java:1583)
26/07/03 21:42:29 ERROR Worker: App dir cleanup failed: ERROR: Failed to list files in /Users/isabelledarling/Downloads/spark-4.1.2-bin-hadoop3/work
java.io.IOException: ERROR: Failed to list files in /Users/isabelledarling/Downloads/spark-4.1.2-bin-hadoop3/work
	at org.apache.spark.deploy.worker.Worker$$anonfun$receive$1.$anonfun$applyOrElse$3(Worker.scala:550)
	at scala.runtime.java8.JFunction0$mcV$sp.apply(JFunction0$mcV$sp.scala:18)
	at scala.concurrent.Future$.$anonfun$apply$1(Future.scala:691)
	at scala.concurrent.impl.Promise$Transformation.run(Promise.scala:500)
	at java.base/java.util.concurrent.ThreadPoolExecutor.runWorker(ThreadPoolExecutor.java:1144)
	at java.base/java.util.concurrent.ThreadPoolExecutor$Worker.run(ThreadPoolExecutor.java:642)
	at java.base/java.lang.Thread.run(Thread.java:1583)
26/07/03 22:12:29 ERROR Worker: App dir cleanup failed: ERROR: Failed to list files in /Users/isabelledarling/Downloads/spark-4.1.2-bin-hadoop3/work
java.io.IOException: ERROR: Failed to list files in /Users/isabelledarling/Downloads/spark-4.1.2-bin-hadoop3/work
	at org.apache.spark.deploy.worker.Worker$$anonfun$receive$1.$anonfun$applyOrElse$3(Worker.scala:550)
	at scala.runtime.java8.JFunction0$mcV$sp.apply(JFunction0$mcV$sp.scala:18)
	at scala.concurrent.Future$.$anonfun$apply$1(Future.scala:691)
	at scala.concurrent.impl.Promise$Transformation.run(Promise.scala:500)
	at java.base/java.util.concurrent.ThreadPoolExecutor.runWorker(ThreadPoolExecutor.java:1144)
	at java.base/java.util.concurrent.ThreadPoolExecutor$Worker.run(ThreadPoolExecutor.java:642)
	at java.base/java.lang.Thread.run(Thread.java:1583)
26/07/03 22:42:29 ERROR Worker: App dir cleanup failed: ERROR: Failed to list files in /Users/isabelledarling/Downloads/spark-4.1.2-bin-hadoop3/work
java.io.IOException: ERROR: Failed to list files in /Users/isabelledarling/Downloads/spark-4.1.2-bin-hadoop3/work
	at org.apache.spark.deploy.worker.Worker$$anonfun$receive$1.$anonfun$applyOrElse$3(Worker.scala:550)
	at scala.runtime.java8.JFunction0$mcV$sp.apply(JFunction0$mcV$sp.scala:18)
	at scala.concurrent.Future$.$anonfun$apply$1(Future.scala:691)
	at scala.concurrent.impl.Promise$Transformation.run(Promise.scala:500)
	at java.base/java.util.concurrent.ThreadPoolExecutor.runWorker(ThreadPoolExecutor.java:1144)
	at java.base/java.util.concurrent.ThreadPoolExecutor$Worker.run(ThreadPoolExecutor.java:642)
	at java.base/java.lang.Thread.run(Thread.java:1583)
26/07/03 22:51:06 ERROR Worker: RECEIVED SIGNAL TERM
26/07/03 22:51:06 WARN JavaUtils: Attempt to delete using native Unix OS command failed for path = /private/var/folders/lm/ql_8wmjj4c74vp3gx3x5wr4h0000gn/T/spark-30fb02da-e3ba-4e1f-a73b-425da80bf2c4. Falling back to Java IO way
java.io.IOException: Failed to delete: /private/var/folders/lm/ql_8wmjj4c74vp3gx3x5wr4h0000gn/T/spark-30fb02da-e3ba-4e1f-a73b-425da80bf2c4
	at org.apache.spark.network.util.JavaUtils.deleteRecursivelyUsingUnixNative(JavaUtils.java:344)
	at org.apache.spark.network.util.JavaUtils.deleteRecursively(JavaUtils.java:269)
	at org.apache.spark.network.util.JavaUtils.deleteRecursively(JavaUtils.java:248)
	at org.apache.spark.util.SparkFileUtils.deleteRecursively(SparkFileUtils.scala:158)
	at org.apache.spark.util.SparkFileUtils.deleteRecursively$(SparkFileUtils.scala:157)
	at org.apache.spark.util.Utils$.deleteRecursively(Utils.scala:1062)
	at org.apache.spark.util.ShutdownHookManager$.$anonfun$new$4(ShutdownHookManager.scala:70)
	at org.apache.spark.util.ShutdownHookManager$.$anonfun$new$4$adapted(ShutdownHookManager.scala:67)
	at scala.collection.ArrayOps$.foreach$extension(ArrayOps.scala:1324)
	at org.apache.spark.util.ShutdownHookManager$.$anonfun$new$2(ShutdownHookManager.scala:67)
	at org.apache.spark.util.SparkShutdownHook.run(ShutdownHookManager.scala:231)
	at org.apache.spark.util.SparkShutdownHookManager.$anonfun$runAll$2(ShutdownHookManager.scala:205)
	at scala.runtime.java8.JFunction0$mcV$sp.apply(JFunction0$mcV$sp.scala:18)
	at org.apache.spark.util.Utils$.logUncaughtExceptions(Utils.scala:1941)
	at org.apache.spark.util.SparkShutdownHookManager.$anonfun$runAll$1(ShutdownHookManager.scala:205)
	at scala.runtime.java8.JFunction0$mcV$sp.apply(JFunction0$mcV$sp.scala:18)
	at scala.util.Try$.apply(Try.scala:217)
	at org.apache.spark.util.SparkShutdownHookManager.runAll(ShutdownHookManager.scala:205)
	at org.apache.spark.util.SparkShutdownHookManager$$anon$2.run(ShutdownHookManager.scala:184)
	at java.base/java.util.concurrent.Executors$RunnableAdapter.call(Executors.java:572)
	at java.base/java.util.concurrent.FutureTask.run(FutureTask.java:317)
	at java.base/java.util.concurrent.ThreadPoolExecutor.runWorker(ThreadPoolExecutor.java:1144)
	at java.base/java.util.concurrent.ThreadPoolExecutor$Worker.run(ThreadPoolExecutor.java:642)
	at java.base/java.lang.Thread.run(Thread.java:1583)
Caused by: java.io.IOException: Cannot run program "rm": error=0, Failed to exec spawn helper: pid: 20018, signal: 9
	at java.base/java.lang.ProcessBuilder.start(ProcessBuilder.java:1170)
	at java.base/java.lang.ProcessBuilder.start(ProcessBuilder.java:1089)
	at org.apache.spark.network.util.JavaUtils.deleteRecursivelyUsingUnixNative(JavaUtils.java:336)
	... 23 more
Caused by: java.io.IOException: error=0, Failed to exec spawn helper: pid: 20018, signal: 9
	at java.base/java.lang.ProcessImpl.forkAndExec(Native Method)
	at java.base/java.lang.ProcessImpl.<init>(ProcessImpl.java:295)
	at java.base/java.lang.ProcessImpl.start(ProcessImpl.java:225)
	at java.base/java.lang.ProcessBuilder.start(ProcessBuilder.java:1126)
	... 25 more
26/07/03 22:51:06 ERROR Configuration: error parsing conf core-default.xml
java.nio.file.NoSuchFileException: /Users/isabelledarling/Downloads/spark-4.1.2-bin-hadoop3/jars/hadoop-client-api-3.4.2.jar
	at java.base/sun.nio.fs.UnixException.translateToIOException(UnixException.java:92)
	at java.base/sun.nio.fs.UnixException.rethrowAsIOException(UnixException.java:106)
	at java.base/sun.nio.fs.UnixException.rethrowAsIOException(UnixException.java:111)
	at java.base/sun.nio.fs.UnixFileAttributeViews$Basic.readAttributes(UnixFileAttributeViews.java:55)
	at java.base/sun.nio.fs.UnixFileSystemProvider.readAttributes(UnixFileSystemProvider.java:171)
	at java.base/java.nio.file.Files.readAttributes(Files.java:1853)
	at java.base/java.util.zip.ZipFile$Source.get(ZipFile.java:1445)
	at java.base/java.util.zip.ZipFile$CleanableResource.<init>(ZipFile.java:724)
	at java.base/java.util.zip.ZipFile.<init>(ZipFile.java:251)
	at java.base/java.util.zip.ZipFile.<init>(ZipFile.java:180)
	at java.base/java.util.jar.JarFile.<init>(JarFile.java:345)
	at java.base/sun.net.www.protocol.jar.URLJarFile.<init>(URLJarFile.java:100)
	at java.base/sun.net.www.protocol.jar.URLJarFile.getJarFile(URLJarFile.java:69)
	at java.base/sun.net.www.protocol.jar.JarFileFactory.get(JarFileFactory.java:168)
	at java.base/sun.net.www.protocol.jar.JarFileFactory.getOrCreate(JarFileFactory.java:91)
	at java.base/sun.net.www.protocol.jar.JarURLConnection.connect(JarURLConnection.java:110)
	at java.base/sun.net.www.protocol.jar.JarURLConnection.getInputStream(JarURLConnection.java:153)
	at org.apache.hadoop.conf.Configuration.parse(Configuration.java:3062)
	at org.apache.hadoop.conf.Configuration.getStreamReader(Configuration.java:3158)
	at org.apache.hadoop.conf.Configuration.loadResource(Configuration.java:3116)
	at org.apache.hadoop.conf.Configuration.loadResources(Configuration.java:3089)
	at org.apache.hadoop.conf.Configuration.loadProps(Configuration.java:2967)
	at org.apache.hadoop.conf.Configuration.getProps(Configuration.java:2949)
	at org.apache.hadoop.conf.Configuration.get(Configuration.java:1267)
	at org.apache.hadoop.conf.Configuration.getTimeDuration(Configuration.java:1908)
	at org.apache.hadoop.conf.Configuration.getTimeDuration(Configuration.java:1885)
	at org.apache.hadoop.util.ShutdownHookManager.getShutdownTimeout(ShutdownHookManager.java:183)
	at org.apache.hadoop.util.ShutdownHookManager.shutdownExecutor(ShutdownHookManager.java:145)
	at org.apache.hadoop.util.ShutdownHookManager.access$300(ShutdownHookManager.java:65)
	at org.apache.hadoop.util.ShutdownHookManager$1.run(ShutdownHookManager.java:102)
26/07/03 22:51:06 ERROR SparkUncaughtExceptionHandler: [Container in shutdown] Uncaught exception in thread Thread[#51,Thread-8,5,main]
java.lang.RuntimeException: java.nio.file.NoSuchFileException: /Users/isabelledarling/Downloads/spark-4.1.2-bin-hadoop3/jars/hadoop-client-api-3.4.2.jar
	at org.apache.hadoop.conf.Configuration.loadResource(Configuration.java:3142)
	at org.apache.hadoop.conf.Configuration.loadResources(Configuration.java:3089)
	at org.apache.hadoop.conf.Configuration.loadProps(Configuration.java:2967)
	at org.apache.hadoop.conf.Configuration.getProps(Configuration.java:2949)
	at org.apache.hadoop.conf.Configuration.get(Configuration.java:1267)
	at org.apache.hadoop.conf.Configuration.getTimeDuration(Configuration.java:1908)
	at org.apache.hadoop.conf.Configuration.getTimeDuration(Configuration.java:1885)
	at org.apache.hadoop.util.ShutdownHookManager.getShutdownTimeout(ShutdownHookManager.java:183)
	at org.apache.hadoop.util.ShutdownHookManager.shutdownExecutor(ShutdownHookManager.java:145)
	at org.apache.hadoop.util.ShutdownHookManager.access$300(ShutdownHookManager.java:65)
	at org.apache.hadoop.util.ShutdownHookManager$1.run(ShutdownHookManager.java:102)
Caused by: java.nio.file.NoSuchFileException: /Users/isabelledarling/Downloads/spark-4.1.2-bin-hadoop3/jars/hadoop-client-api-3.4.2.jar
	at java.base/sun.nio.fs.UnixException.translateToIOException(UnixException.java:92)
	at java.base/sun.nio.fs.UnixException.rethrowAsIOException(UnixException.java:106)
	at java.base/sun.nio.fs.UnixException.rethrowAsIOException(UnixException.java:111)
	at java.base/sun.nio.fs.UnixFileAttributeViews$Basic.readAttributes(UnixFileAttributeViews.java:55)
	at java.base/sun.nio.fs.UnixFileSystemProvider.readAttributes(UnixFileSystemProvider.java:171)
	at java.base/java.nio.file.Files.readAttributes(Files.java:1853)
	at java.base/java.util.zip.ZipFile$Source.get(ZipFile.java:1445)
	at java.base/java.util.zip.ZipFile$CleanableResource.<init>(ZipFile.java:724)
	at java.base/java.util.zip.ZipFile.<init>(ZipFile.java:251)
	at java.base/java.util.zip.ZipFile.<init>(ZipFile.java:180)
	at java.base/java.util.jar.JarFile.<init>(JarFile.java:345)
	at java.base/sun.net.www.protocol.jar.URLJarFile.<init>(URLJarFile.java:100)
	at java.base/sun.net.www.protocol.jar.URLJarFile.getJarFile(URLJarFile.java:69)
	at java.base/sun.net.www.protocol.jar.JarFileFactory.get(JarFileFactory.java:168)
	at java.base/sun.net.www.protocol.jar.JarFileFactory.getOrCreate(JarFileFactory.java:91)
	at java.base/sun.net.www.protocol.jar.JarURLConnection.connect(JarURLConnection.java:110)
	at java.base/sun.net.www.protocol.jar.JarURLConnection.getInputStream(JarURLConnection.java:153)
	at org.apache.hadoop.conf.Configuration.parse(Configuration.java:3062)
	at org.apache.hadoop.conf.Configuration.getStreamReader(Configuration.java:3158)
	at org.apache.hadoop.conf.Configuration.loadResource(Configuration.java:3116)
	... 10 more
